This file contains any messages produced by compilers while
running configure, to aid debugging if configure makes a mistake.

It was created by cnrt configure 1.0, which was
generated by GNU Autoconf 2.69.  Invocation command line was

  $ ./configure 

## --------- ##
## Platform. ##
## --------- ##

hostname = fedora19
uname -m = x86_64
uname -r = 3.14.4-100.fc19.x86_64
uname -s = Linux
uname -v = #1 SMP Tue May 13 15:00:26 UTC 2014

/usr/bin/uname -p = x86_64
/bin/uname -X     = unknown

/bin/arch              = x86_64
/usr/bin/arch -k       = unknown
/usr/convex/getsysinfo = unknown
/usr/bin/hostinfo      = unknown
/bin/machine           = unknown
/usr/bin/oslevel       = unknown
/bin/universe          = unknown

PATH: /usr/lib64/qt-3.3/bin
PATH: /usr/local/bin
PATH: /usr/bin
PATH: /bin
PATH: /usr/local/sbin
PATH: /usr/sbin
PATH: /home/rui/.myscript
PATH: /home/rui/.local/bin
PATH: /home/rui/bin
PATH: /home/rui/.myscript


## ----------- ##
## Core tests. ##
## ----------- ##

configure:2195: checking for gcc
configure:2211: found /usr/bin/gcc
configure:2222: result: gcc
configure:2451: checking for C compiler version
configure:2460: gcc --version >&5
gcc (GCC) 4.8.2 20131212 (Red Hat 4.8.2-7)
Copyright (C) 2013 Free Software Foundation, Inc.
This is free software; see the source for copying conditions.  There is NO
warranty; not even for MERCHANTABILITY or FITNESS FOR A PARTICULAR PURPOSE.

configure:2471: $? = 0
configure:2460: gcc -v >&5
Using built-in specs.
COLLECT_GCC=gcc
COLLECT_LTO_WRAPPER=/usr/libexec/gcc/x86_64-redhat-linux/4.8.2/lto-wrapper
Target: x86_64-redhat-linux
Configured with: ../configure --prefix=/usr --mandir=/usr/share/man --infodir=/usr/share/info --with-bugurl=http://bugzilla.redhat.com/bugzilla --enable-bootstrap --enable-shared --enable-threads=posix --enable-checking=release --with-system-zlib --enable-__cxa_atexit --disable-libunwind-exceptions --enable-gnu-unique-object --enable-linker-build-id --with-linker-hash-style=gnu --enable-languages=c,c++,objc,obj-c++,java,fortran,ada,go,lto --enable-plugin --enable-initfini-array --enable-java-awt=gtk --disable-dssi --with-java-home=/usr/lib/jvm/java-1.5.0-gcj-1.5.0.0/jre --enable-libgcj-multifile --enable-java-maintainer-mode --with-ecj-jar=/usr/share/java/eclipse-ecj.jar --disable-libjava-multilib --with-isl=/builddir/build/BUILD/gcc-4.8.2-20131212/obj-x86_64-redhat-linux/isl-install --with-cloog=/builddir/build/BUILD/gcc-4.8.2-20131212/obj-x86_64-redhat-linux/cloog-install --with-tune=generic --with-arch_32=i686 --build=x86_64-redhat-linux
Thread model: posix
gcc version 4.8.2 20131212 (Red Hat 4.8.2-7) (GCC) 
configure:2471: $? = 0
configure:2460: gcc -V >&5
gcc: error: unrecognized command line option '-V'
gcc: fatal error: no input files
compilation terminated.
configure:2471: $? = 4
configure:2460: gcc -qversion >&5
gcc: error: unrecognized command line option '-qversion'
gcc: fatal error: no input files
compilation terminated.
configure:2471: $? = 4
configure:2491: checking whether the C compiler works
configure:2513: gcc    conftest.c  >&5
configure:2517: $? = 0
configure:2565: result: yes
configure:2568: checking for C compiler default output file name
configure:2570: result: a.out
configure:2576: checking for suffix of executables
configure:2583: gcc -o conftest    conftest.c  >&5
configure:2587: $? = 0
configure:2609: result: 
configure:2631: checking whether we are cross compiling
configure:2639: gcc -o conftest    conftest.c  >&5
configure:2643: $? = 0
configure:2650: ./conftest
configure:2654: $? = 0
configure:2669: result: no
configure:2674: checking for suffix of object files
configure:2696: gcc -c   conftest.c >&5
configure:2700: $? = 0
configure:2721: result: o
configure:2725: checking whether we are using the GNU C compiler
configure:2744: gcc -c   conftest.c >&5
configure:2744: $? = 0
configure:2753: result: yes
configure:2762: checking whether gcc accepts -g
configure:2782: gcc -c -g  conftest.c >&5
configure:2782: $? = 0
configure:2823: result: yes
configure:2840: checking for gcc option to accept ISO C89
configure:2903: gcc  -c -g -O2  conftest.c >&5
configure:2903: $? = 0
configure:2916: result: none needed
configure:2946: checking how to run the C preprocessor
configure:2977: gcc -E  conftest.c
configure:2977: $? = 0
configure:2991: gcc -E  conftest.c
conftest.c:9:28: fatal error: ac_nonexistent.h: No such file or directory
 #include <ac_nonexistent.h>
                            ^
compilation terminated.
configure:2991: $? = 1
configure: failed program was:
| /* confdefs.h */
| #define PACKAGE_NAME "cnrt"
| #define PACKAGE_TARNAME "cnrt"
| #define PACKAGE_VERSION "1.0"
| #define PACKAGE_STRING "cnrt 1.0"
| #define PACKAGE_BUGREPORT "xrfind@gmail.com"
| #define PACKAGE_URL ""
| /* end confdefs.h.  */
| #include <ac_nonexistent.h>
configure:3016: result: gcc -E
configure:3036: gcc -E  conftest.c
configure:3036: $? = 0
configure:3050: gcc -E  conftest.c
conftest.c:9:28: fatal error: ac_nonexistent.h: No such file or directory
 #include <ac_nonexistent.h>
                            ^
compilation terminated.
configure:3050: $? = 1
configure: failed program was:
| /* confdefs.h */
| #define PACKAGE_NAME "cnrt"
| #define PACKAGE_TARNAME "cnrt"
| #define PACKAGE_VERSION "1.0"
| #define PACKAGE_STRING "cnrt 1.0"
| #define PACKAGE_BUGREPORT "xrfind@gmail.com"
| #define PACKAGE_URL ""
| /* end confdefs.h.  */
| #include <ac_nonexistent.h>
configure:3079: checking for grep that handles long lines and -e
configure:3137: result: /usr/bin/grep
configure:3142: checking for egrep
configure:3204: result: /usr/bin/grep -E
configure:3209: checking for ANSI C header files
configure:3229: gcc -c -g -O2  conftest.c >&5
configure:3229: $? = 0
configure:3302: gcc -o conftest -g -O2   conftest.c  >&5
configure:3302: $? = 0
configure:3302: ./conftest
configure:3302: $? = 0
configure:3313: result: yes
configure:3326: checking for sys/types.h
configure:3326: gcc -c -g -O2  conftest.c >&5
configure:3326: $? = 0
configure:3326: result: yes
configure:3326: checking for sys/stat.h
configure:3326: gcc -c -g -O2  conftest.c >&5
configure:3326: $? = 0
configure:3326: result: yes
configure:3326: checking for stdlib.h
configure:3326: gcc -c -g -O2  conftest.c >&5
configure:3326: $? = 0
configure:3326: result: yes
configure:3326: checking for string.h
configure:3326: gcc -c -g -O2  conftest.c >&5
configure:3326: $? = 0
configure:3326: result: yes
configure:3326: checking for memory.h
configure:3326: gcc -c -g -O2  conftest.c >&5
configure:3326: $? = 0
configure:3326: result: yes
configure:3326: checking for strings.h
configure:3326: gcc -c -g -O2  conftest.c >&5
configure:3326: $? = 0
configure:3326: result: yes
configure:3326: checking for inttypes.h
configure:3326: gcc -c -g -O2  conftest.c >&5
configure:3326: $? = 0
configure:3326: result: yes
configure:3326: checking for stdint.h
configure:3326: gcc -c -g -O2  conftest.c >&5
configure:3326: $? = 0
configure:3326: result: yes
configure:3326: checking for unistd.h
configure:3326: gcc -c -g -O2  conftest.c >&5
configure:3326: $? = 0
configure:3326: result: yes
configure:3341: checking limits.h usability
configure:3341: gcc -c -g -O2  conftest.c >&5
configure:3341: $? = 0
configure:3341: result: yes
configure:3341: checking limits.h presence
configure:3341: gcc -E  conftest.c
configure:3341: $? = 0
configure:3341: result: yes
configure:3341: checking for limits.h
configure:3341: result: yes
configure:3341: checking stddef.h usability
configure:3341: gcc -c -g -O2  conftest.c >&5
configure:3341: $? = 0
configure:3341: result: yes
configure:3341: checking stddef.h presence
configure:3341: gcc -E  conftest.c
configure:3341: $? = 0
configure:3341: result: yes
configure:3341: checking for stddef.h
configure:3341: result: yes
configure:3341: checking for stdint.h
configure:3341: result: yes
configure:3341: checking for stdlib.h
configure:3341: result: yes
configure:3341: checking for string.h
configure:3341: result: yes
configure:3353: checking for inline
configure:3369: gcc -c -g -O2  conftest.c >&5
configure:3369: $? = 0
configure:3377: result: inline
configure:3395: checking for size_t
configure:3395: gcc -c -g -O2  conftest.c >&5
configure:3395: $? = 0
configure:3395: gcc -c -g -O2  conftest.c >&5
conftest.c: In function 'main':
conftest.c:60:21: error: expected expression before ')' token
 if (sizeof ((size_t)))
                     ^
configure:3395: $? = 1
configure: failed program was:
| /* confdefs.h */
| #define PACKAGE_NAME "cnrt"
| #define PACKAGE_TARNAME "cnrt"
| #define PACKAGE_VERSION "1.0"
| #define PACKAGE_STRING "cnrt 1.0"
| #define PACKAGE_BUGREPORT "xrfind@gmail.com"
| #define PACKAGE_URL ""
| #define STDC_HEADERS 1
| #define HAVE_SYS_TYPES_H 1
| #define HAVE_SYS_STAT_H 1
| #define HAVE_STDLIB_H 1
| #define HAVE_STRING_H 1
| #define HAVE_MEMORY_H 1
| #define HAVE_STRINGS_H 1
| #define HAVE_INTTYPES_H 1
| #define HAVE_STDINT_H 1
| #define HAVE_UNISTD_H 1
| #define HAVE_LIMITS_H 1
| #define HAVE_STDDEF_H 1
| #define HAVE_STDINT_H 1
| #define HAVE_STDLIB_H 1
| #define HAVE_STRING_H 1
| /* end confdefs.h.  */
| #include <stdio.h>
| #ifdef HAVE_SYS_TYPES_H
| # include <sys/types.h>
| #endif
| #ifdef HAVE_SYS_STAT_H
| # include <sys/stat.h>
| #endif
| #ifdef STDC_HEADERS
| # include <stdlib.h>
| # include <stddef.h>
| #else
| # ifdef HAVE_STDLIB_H
| #  include <stdlib.h>
| # endif
| #endif
| #ifdef HAVE_STRING_H
| # if !defined STDC_HEADERS && defined HAVE_MEMORY_H
| #  include <memory.h>
| # endif
| # include <string.h>
| #endif
| #ifdef HAVE_STRINGS_H
| # include <strings.h>
| #endif
| #ifdef HAVE_INTTYPES_H
| # include <inttypes.h>
| #endif
| #ifdef HAVE_STDINT_H
| # include <stdint.h>
| #endif
| #ifdef HAVE_UNISTD_H
| # include <unistd.h>
| #endif
| int
| main ()
| {
| if (sizeof ((size_t)))
| 	    return 0;
|   ;
|   return 0;
| }
configure:3395: result: yes
configure:3410: checking for stdlib.h
configure:3410: result: yes
configure:3420: checking for GNU libc compatible malloc
configure:3444: gcc -o conftest -g -O2   conftest.c  >&5
configure:3444: $? = 0
configure:3444: ./conftest
configure:3444: $? = 0
configure:3454: result: yes
configure:3477: checking for stdlib.h
configure:3477: result: yes
configure:3487: checking for GNU libc compatible realloc
configure:3511: gcc -o conftest -g -O2   conftest.c  >&5
configure:3511: $? = 0
configure:3511: ./conftest
configure:3511: $? = 0
configure:3521: result: yes
configure:3542: checking for working strtod
configure:3583: gcc -o conftest -g -O2   conftest.c  >&5
configure:3583: $? = 0
configure:3583: ./conftest
configure:3583: $? = 0
configure:3593: result: yes
configure:3658: checking for floor
configure:3658: gcc -o conftest -g -O2   conftest.c  >&5
conftest.c:51:6: warning: conflicting types for built-in function 'floor' [enabled by default]
 char floor ();
      ^
/tmp/cc5qmhu5.o: In function `main':
/home/rui/temp/19/conftest.c:62: undefined reference to `floor'
collect2: error: ld returned 1 exit status
configure:3658: $? = 1
configure: failed program was:
| /* confdefs.h */
| #define PACKAGE_NAME "cnrt"
| #define PACKAGE_TARNAME "cnrt"
| #define PACKAGE_VERSION "1.0"
| #define PACKAGE_STRING "cnrt 1.0"
| #define PACKAGE_BUGREPORT "xrfind@gmail.com"
| #define PACKAGE_URL ""
| #define STDC_HEADERS 1
| #define HAVE_SYS_TYPES_H 1
| #define HAVE_SYS_STAT_H 1
| #define HAVE_STDLIB_H 1
| #define HAVE_STRING_H 1
| #define HAVE_MEMORY_H 1
| #define HAVE_STRINGS_H 1
| #define HAVE_INTTYPES_H 1
| #define HAVE_STDINT_H 1
| #define HAVE_UNISTD_H 1
| #define HAVE_LIMITS_H 1
| #define HAVE_STDDEF_H 1
| #define HAVE_STDINT_H 1
| #define HAVE_STDLIB_H 1
| #define HAVE_STRING_H 1
| #define HAVE_STDLIB_H 1
| #define HAVE_MALLOC 1
| #define HAVE_STDLIB_H 1
| #define HAVE_REALLOC 1
| /* end confdefs.h.  */
| /* Define floor to an innocuous variant, in case <limits.h> declares floor.
|    For example, HP-UX 11i <limits.h> declares gettimeofday.  */
| #define floor innocuous_floor
| 
| /* System header to define __stub macros and hopefully few prototypes,
|     which can conflict with char floor (); below.
|     Prefer <limits.h> to <assert.h> if __STDC__ is defined, since
|     <limits.h> exists even on freestanding compilers.  */
| 
| #ifdef __STDC__
| # include <limits.h>
| #else
| # include <assert.h>
| #endif
| 
| #undef floor
| 
| /* Override any GCC internal prototype to avoid an error.
|    Use char because int might match the return type of a GCC
|    builtin and then its argument prototype would still apply.  */
| #ifdef __cplusplus
| extern "C"
| #endif
| char floor ();
| /* The GNU C library defines this for functions which it implements
|     to always fail with ENOSYS.  Some functions are actually named
|     something starting with __ and the normal name is an alias.  */
| #if defined __stub_floor || defined __stub___floor
| choke me
| #endif
| 
| int
| main ()
| {
| return floor ();
|   ;
|   return 0;
| }
configure:3658: result: no
configure:3658: checking for memset
configure:3658: gcc -o conftest -g -O2   conftest.c  >&5
conftest.c:51:6: warning: conflicting types for built-in function 'memset' [enabled by default]
 char memset ();
      ^
configure:3658: $? = 0
configure:3658: result: yes
configure:3658: checking for pow
configure:3658: gcc -o conftest -g -O2   conftest.c  >&5
conftest.c:52:6: warning: conflicting types for built-in function 'pow' [enabled by default]
 char pow ();
      ^
/tmp/ccZaFqy0.o: In function `main':
/home/rui/temp/19/conftest.c:63: undefined reference to `pow'
collect2: error: ld returned 1 exit status
configure:3658: $? = 1
configure: failed program was:
| /* confdefs.h */
| #define PACKAGE_NAME "cnrt"
| #define PACKAGE_TARNAME "cnrt"
| #define PACKAGE_VERSION "1.0"
| #define PACKAGE_STRING "cnrt 1.0"
| #define PACKAGE_BUGREPORT "xrfind@gmail.com"
| #define PACKAGE_URL ""
| #define STDC_HEADERS 1
| #define HAVE_SYS_TYPES_H 1
| #define HAVE_SYS_STAT_H 1
| #define HAVE_STDLIB_H 1
| #define HAVE_STRING_H 1
| #define HAVE_MEMORY_H 1
| #define HAVE_STRINGS_H 1
| #define HAVE_INTTYPES_H 1
| #define HAVE_STDINT_H 1
| #define HAVE_UNISTD_H 1
| #define HAVE_LIMITS_H 1
| #define HAVE_STDDEF_H 1
| #define HAVE_STDINT_H 1
| #define HAVE_STDLIB_H 1
| #define HAVE_STRING_H 1
| #define HAVE_STDLIB_H 1
| #define HAVE_MALLOC 1
| #define HAVE_STDLIB_H 1
| #define HAVE_REALLOC 1
| #define HAVE_MEMSET 1
| /* end confdefs.h.  */
| /* Define pow to an innocuous variant, in case <limits.h> declares pow.
|    For example, HP-UX 11i <limits.h> declares gettimeofday.  */
| #define pow innocuous_pow
| 
| /* System header to define __stub macros and hopefully few prototypes,
|     which can conflict with char pow (); below.
|     Prefer <limits.h> to <assert.h> if __STDC__ is defined, since
|     <limits.h> exists even on freestanding compilers.  */
| 
| #ifdef __STDC__
| # include <limits.h>
| #else
| # include <assert.h>
| #endif
| 
| #undef pow
| 
| /* Override any GCC internal prototype to avoid an error.
|    Use char because int might match the return type of a GCC
|    builtin and then its argument prototype would still apply.  */
| #ifdef __cplusplus
| extern "C"
| #endif
| char pow ();
| /* The GNU C library defines this for functions which it implements
|     to always fail with ENOSYS.  Some functions are actually named
|     something starting with __ and the normal name is an alias.  */
| #if defined __stub_pow || defined __stub___pow
| choke me
| #endif
| 
| int
| main ()
| {
| return pow ();
|   ;
|   return 0;
| }
configure:3658: result: no
configure:3658: checking for strtol
configure:3658: gcc -o conftest -g -O2   conftest.c  >&5
configure:3658: $? = 0
configure:3658: result: yes
configure:3782: creating ./config.status

## ---------------------- ##
## Running config.status. ##
## ---------------------- ##

This file was extended by cnrt config.status 1.0, which was
generated by GNU Autoconf 2.69.  Invocation command line was

  CONFIG_FILES    = 
  CONFIG_HEADERS  = 
  CONFIG_LINKS    = 
  CONFIG_COMMANDS = 
  $ ./config.status 

on fedora19

config.status:685: creating config.h

## ---------------- ##
## Cache variables. ##
## ---------------- ##

ac_cv_c_compiler_gnu=yes
ac_cv_c_inline=inline
ac_cv_env_CC_set=
ac_cv_env_CC_value=
ac_cv_env_CFLAGS_set=
ac_cv_env_CFLAGS_value=
ac_cv_env_CPPFLAGS_set=
ac_cv_env_CPPFLAGS_value=
ac_cv_env_CPP_set=
ac_cv_env_CPP_value=
ac_cv_env_LDFLAGS_set=
ac_cv_env_LDFLAGS_value=
ac_cv_env_LIBS_set=
ac_cv_env_LIBS_value=
ac_cv_env_build_alias_set=
ac_cv_env_build_alias_value=
ac_cv_env_host_alias_set=
ac_cv_env_host_alias_value=
ac_cv_env_target_alias_set=
ac_cv_env_target_alias_value=
ac_cv_func_floor=no
ac_cv_func_malloc_0_nonnull=yes
ac_cv_func_memset=yes
ac_cv_func_pow=no
ac_cv_func_realloc_0_nonnull=yes
ac_cv_func_strtod=yes
ac_cv_func_strtol=yes
ac_cv_header_inttypes_h=yes
ac_cv_header_limits_h=yes
ac_cv_header_memory_h=yes
ac_cv_header_stdc=yes
ac_cv_header_stddef_h=yes
ac_cv_header_stdint_h=yes
ac_cv_header_stdlib_h=yes
ac_cv_header_string_h=yes
ac_cv_header_strings_h=yes
ac_cv_header_sys_stat_h=yes
ac_cv_header_sys_types_h=yes
ac_cv_header_unistd_h=yes
ac_cv_objext=o
ac_cv_path_EGREP='/usr/bin/grep -E'
ac_cv_path_GREP=/usr/bin/grep
ac_cv_prog_CPP='gcc -E'
ac_cv_prog_ac_ct_CC=gcc
ac_cv_prog_cc_c89=
ac_cv_prog_cc_g=yes
ac_cv_type_size_t=yes

## ----------------- ##
## Output variables. ##
## ----------------- ##

CC='gcc'
CFLAGS='-g -O2'
CPP='gcc -E'
CPPFLAGS=''
DEFS='-DHAVE_CONFIG_H'
ECHO_C=''
ECHO_N='-n'
ECHO_T=''
EGREP='/usr/bin/grep -E'
EXEEXT=''
GREP='/usr/bin/grep'
LDFLAGS=''
LIBOBJS=''
LIBS=''
LTLIBOBJS=''
OBJEXT='o'
PACKAGE_BUGREPORT='xrfind@gmail.com'
PACKAGE_NAME='cnrt'
PACKAGE_STRING='cnrt 1.0'
PACKAGE_TARNAME='cnrt'
PACKAGE_URL=''
PACKAGE_VERSION='1.0'
PATH_SEPARATOR=':'
POW_LIB=''
SHELL='/bin/sh'
ac_ct_CC='gcc'
bindir='${exec_prefix}/bin'
build_alias=''
datadir='${datarootdir}'
datarootdir='${prefix}/share'
docdir='${datarootdir}/doc/${PACKAGE_TARNAME}'
dvidir='${docdir}'
exec_prefix='${prefix}'
host_alias=''
htmldir='${docdir}'
includedir='${prefix}/include'
infodir='${datarootdir}/info'
libdir='${exec_prefix}/lib'
libexecdir='${exec_prefix}/libexec'
localedir='${datarootdir}/locale'
localstatedir='${prefix}/var'
mandir='${datarootdir}/man'
oldincludedir='/usr/include'
pdfdir='${docdir}'
prefix='/usr/local'
program_transform_name='s,x,x,'
psdir='${docdir}'
sbindir='${exec_prefix}/sbin'
sharedstatedir='${prefix}/com'
sysconfdir='${prefix}/etc'
target_alias=''

## ----------- ##
## confdefs.h. ##
## ----------- ##

/* confdefs.h */
#define PACKAGE_NAME "cnrt"
#define PACKAGE_TARNAME "cnrt"
#define PACKAGE_VERSION "1.0"
#define PACKAGE_STRING "cnrt 1.0"
#define PACKAGE_BUGREPORT "xrfind@gmail.com"
#define PACKAGE_URL ""
#define STDC_HEADERS 1
#define HAVE_SYS_TYPES_H 1
#define HAVE_SYS_STAT_H 1
#define HAVE_STDLIB_H 1
#define HAVE_STRING_H 1
#define HAVE_MEMORY_H 1
#define HAVE_STRINGS_H 1
#define HAVE_INTTYPES_H 1
#define HAVE_STDINT_H 1
#define HAVE_UNISTD_H 1
#define HAVE_LIMITS_H 1
#define HAVE_STDDEF_H 1
#define HAVE_STDINT_H 1
#define HAVE_STDLIB_H 1
#define HAVE_STRING_H 1
#define HAVE_STDLIB_H 1
#define HAVE_MALLOC 1
#define HAVE_STDLIB_H 1
#define HAVE_REALLOC 1
#define HAVE_MEMSET 1
#define HAVE_STRTOL 1

configure: exit 0
